2011/10/10 16:11:24 にビルドを開始しました。
     1>ノード 2 上のプロジェクト "D:\Yupo\Programming\Visual_Studio_2010\Projects\Game\TowerDiffence\TowerDiffence\TowerDiffence.vcxproj" (build ターゲット)。
     1>InitializeBuildStatus:
         "AlwaysCreate" が指定されたため "Debug\TowerDiffence.unsuccessfulbuild" を作成しています。
       ClCompile:
         C:\Program Files (x86)\Microsoft Visual Studio 10.0\VC\bin\CL.exe /c /ZI /nologo /W3 /WX- /Od /Oy- /D WIN32 /D _DEBUG /D _WINDOWS /D _UNICODE /D UNICODE /Gm /EHsc /RTC1 /MTd /GS /fp:precise /Zc:wchar_t /Zc:forScope /Fo"Debug\\" /Fd"Debug\vc100.pdb" /Gd /TP /analyze- /errorReport:prompt src\scenes\debug_scene.cpp src\scenes\debug_scene2.cpp src\system\resource_graphic_manager.cpp src\system\resource_graphic.cpp src\system\resource_manager.cpp src\system\resource_sound.cpp src\system\resource_sound_manager.cpp src\tdGame.cpp
         resource_sound_manager.cpp
         resource_graphic_manager.cpp
         コードを生成中...
         コンパイル中...
         debug_scene.cpp
         コードを生成中...
         コンパイル中...
         tdGame.cpp
         resource_sound.cpp
         resource_manager.cpp
         resource_graphic.cpp
         debug_scene2.cpp
         コードを生成中...
       ManifestResourceCompile:
         すべての出力が最新のものです。
       Link:
         C:\Program Files (x86)\Microsoft Visual Studio 10.0\VC\bin\link.exe /ERRORREPORT:PROMPT /OUT:"D:\Yupo\Programming\Visual_Studio_2010\Projects\Game\TowerDiffence\Debug\TowerDiffence.exe" /INCREMENTAL /NOLOGO /LIBPATH:"C:\SeleneSDK\SeleneSDK-01.24i\Release\Engine\Library\x86" /LIBPATH:"C:\SeleneSDK\SeleneSDK-01.24i\Release\Utility\Library\x86" /LIBPATH:"D:\Yupo\Programming\C++\DxLib_VC\プロジェクトに追加すべきファイル_VC用" kernel32.lib user32.lib gdi32.lib winspool.lib comdlg32.lib advapi32.lib shell32.lib ole32.lib oleaut32.lib uuid.lib odbc32.lib odbccp32.lib /MANIFEST /ManifestFile:"Debug\TowerDiffence.exe.intermediate.manifest" /MANIFESTUAC:"level='asInvoker' uiAccess='false'" /DEBUG /PDB:"D:\Yupo\Programming\Visual_Studio_2010\Projects\Game\TowerDiffence\Debug\TowerDiffence.pdb" /SUBSYSTEM:WINDOWS /TLBID:1 /DYNAMICBASE /NXCOMPAT /IMPLIB:"D:\Yupo\Programming\Visual_Studio_2010\Projects\Game\TowerDiffence\Debug\TowerDiffence.lib" /MACHINE:X86 Debug\TowerDiffence.exe.embed.manifest.res
         Debug\main.obj
         Debug\debug_scene.obj
         Debug\debug_scene2.obj
         Debug\FPSController.obj
         Debug\game.obj
         Debug\resource_graphic_manager.obj
         Debug\resource_graphic.obj
         Debug\resource_manager.obj
         Debug\resource_manager_base.obj
         Debug\resource_reference_counter.obj
         Debug\resource_sound.obj
         Debug\scene_base.obj
         Debug\scene_manager.obj
         Debug\resource_sound_manager.obj
         Debug\tdGame.obj
       Manifest:
         C:\Program Files (x86)\Microsoft SDKs\Windows\v7.0A\bin\mt.exe /nologo /verbose /out:"Debug\TowerDiffence.exe.embed.manifest" /manifest Debug\TowerDiffence.exe.intermediate.manifest
         すべての出力が最新のものです。
       LinkEmbedManifest:
         すべての出力が最新のものです。
         TowerDiffence.vcxproj -> D:\Yupo\Programming\Visual_Studio_2010\Projects\Game\TowerDiffence\Debug\TowerDiffence.exe
       FinalizeBuildStatus:
         ファイル "Debug\TowerDiffence.unsuccessfulbuild" を削除しています。
         "Debug\TowerDiffence.lastbuildstate" のタッチ タスクを実行しています。
     1>プロジェクト "D:\Yupo\Programming\Visual_Studio_2010\Projects\Game\TowerDiffence\TowerDiffence\TowerDiffence.vcxproj" (build ターゲット) のビルドが完了しました。

ビルドに成功しました。

経過時間 00:00:11.41
